<?xml version="1.0" encoding="UTF-8"?>
<testsuite name="ru.clevertec.zabalotcki.parser.CreateObjectTest" tests="1" skipped="0" failures="0" errors="0" timestamp="2023-03-03T10:01:29" hostname="DESKTOP-JSKBOF2" time="0.003">
  <properties/>
  <testcase name="testCreateObjectFromMap()" classname="ru.clevertec.zabalotcki.parser.CreateObjectTest" time="0.003"/>
  <system-out><![CDATA[]]></system-out>
  <system-err><![CDATA[]]></system-err>
</testsuite>
