<?xml version="1.0" encoding="UTF-8"?>
<testsuite name="ru.clevertec.zabalotcki.parser.ConverterToJsonTest" tests="1" skipped="0" failures="0" errors="0"
           timestamp="2023-03-03T10:01:29" hostname="DESKTOP-JSKBOF2" time="0.035">
    <properties/>
    <testcase name="toJson()" classname="ru.clevertec.zabalotcki.parser.ConverterToJsonTest" time="0.035"/>
    <system-out><![CDATA[]]></system-out>
    <system-err><![CDATA[]]></system-err>
</testsuite>
