<?xml version="1.0" encoding="UTF-8"?>
<testsuite name="ru.clevertec.zabalotcki.parser.JsonParserTest" tests="1" skipped="0" failures="0" errors="0"
           timestamp="2023-03-03T10:01:29" hostname="DESKTOP-JSKBOF2" time="0.006">
    <properties/>
    <testcase name="checkParseShouldReturnMap()" classname="ru.clevertec.zabalotcki.parser.JsonParserTest"
              time="0.006"/>
    <system-out><![CDATA[]]></system-out>
    <system-err><![CDATA[]]></system-err>
</testsuite>
